This is pdfTeX, Version 3.1415926-2.5-1.40.14 (MiKTeX 2.9 64-bit) (preloaded format=pdflatex 2014.10.22)  22 MAY 2015 01:04
entering extended mode
**Project_document.tex

(C:\Users\Henri\Documents\Projektit\Planet_Simulator\Documentation\Project_docu
ment.tex
LaTeX2e <2011/06/27>
Babel <v3.8m> and hyphenation patterns for english, afrikaans, ancientgreek, ar
abic, armenian, assamese, basque, bengali, bokmal, bulgarian, catalan, coptic, 
croatian, czech, danish, dutch, esperanto, estonian, farsi, finnish, french, ga
lician, german, german-x-2013-05-26, greek, gujarati, hindi, hungarian, iceland
ic, indonesian, interlingua, irish, italian, kannada, kurmanji, latin, latvian,
 lithuanian, malayalam, marathi, mongolian, mongolianlmc, monogreek, ngerman, n
german-x-2013-05-26, nynorsk, oriya, panjabi, pinyin, polish, portuguese, roman
ian, russian, sanskrit, serbian, slovak, slovenian, spanish, swedish, swissgerm
an, tamil, telugu, turkish, turkmen, ukenglish, ukrainian, uppersorbian, usengl
ishmax, welsh, loaded.
("C:\Program Files\MiKTeX 2.9\tex\latex\base\report.cls"
Document Class: report 2007/10/19 v1.4h Standard LaTeX document class
("C:\Program Files\MiKTeX 2.9\tex\latex\base\size12.clo"
File: size12.clo 2007/10/19 v1.4h Standard LaTeX file (size option)
)
\c@part=\count79
\c@chapter=\count80
\c@section=\count81
\c@subsection=\count82
\c@subsubsection=\count83
\c@paragraph=\count84
\c@subparagraph=\count85
\c@figure=\count86
\c@table=\count87
\abovecaptionskip=\skip41
\belowcaptionskip=\skip42
\bibindent=\dimen102
)
("C:\Program Files\MiKTeX 2.9\tex\latex\base\inputenc.sty"
Package: inputenc 2008/03/30 v1.1d Input encoding file
\inpenc@prehook=\toks14
\inpenc@posthook=\toks15

("C:\Program Files\MiKTeX 2.9\tex\latex\base\latin1.def"
File: latin1.def 2008/03/30 v1.1d Input encoding file
))
("C:\Program Files\MiKTeX 2.9\tex\latex\base\fontenc.sty"
Package: fontenc 2005/09/27 v1.99g Standard LaTeX package

("C:\Program Files\MiKTeX 2.9\tex\latex\base\t1enc.def"
File: t1enc.def 2005/09/27 v1.99g Standard LaTeX file
LaTeX Font Info:    Redeclaring font encoding T1 on input line 43.
))
("C:\Program Files\MiKTeX 2.9\tex\generic\babel\babel.sty"
Package: babel 2008/07/08 v3.8m The Babel package

*************************************
* Local config file bblopts.cfg used
*
("C:\Program Files\MiKTeX 2.9\tex\latex\00miktex\bblopts.cfg"
File: bblopts.cfg 2006/07/31 v1.0 MiKTeX 'babel' configuration
)
("C:\Program Files\MiKTeX 2.9\tex\generic\babel\finnish.ldf"
Language: finnish 2007/10/20 v1.3q Finnish support from the babel system

("C:\Program Files\MiKTeX 2.9\tex\generic\babel\babel.def"
File: babel.def 2008/07/08 v3.8m Babel common definitions
\babel@savecnt=\count88
\U@D=\dimen103
)
Package babel Info: Making " an active character on input line 89.
))
("C:\Program Files\MiKTeX 2.9\tex\latex\amsmath\amsmath.sty"
Package: amsmath 2013/01/14 v2.14 AMS math features
\@mathmargin=\skip43

For additional information on amsmath, use the `?' option.
("C:\Program Files\MiKTeX 2.9\tex\latex\amsmath\amstext.sty"
Package: amstext 2000/06/29 v2.01

("C:\Program Files\MiKTeX 2.9\tex\latex\amsmath\amsgen.sty"
File: amsgen.sty 1999/11/30 v2.0
\@emptytoks=\toks16
\ex@=\dimen104
))
("C:\Program Files\MiKTeX 2.9\tex\latex\amsmath\amsbsy.sty"
Package: amsbsy 1999/11/29 v1.2d
\pmbraise@=\dimen105
)
("C:\Program Files\MiKTeX 2.9\tex\latex\amsmath\amsopn.sty"
Package: amsopn 1999/12/14 v2.01 operator names
)
\inf@bad=\count89
LaTeX Info: Redefining \frac on input line 210.
\uproot@=\count90
\leftroot@=\count91
LaTeX Info: Redefining \overline on input line 306.
\classnum@=\count92
\DOTSCASE@=\count93
LaTeX Info: Redefining \ldots on input line 378.
LaTeX Info: Redefining \dots on input line 381.
LaTeX Info: Redefining \cdots on input line 466.
\Mathstrutbox@=\box26
\strutbox@=\box27
\big@size=\dimen106
LaTeX Font Info:    Redeclaring font encoding OML on input line 566.
LaTeX Font Info:    Redeclaring font encoding OMS on input line 567.
\macc@depth=\count94
\c@MaxMatrixCols=\count95
\dotsspace@=\muskip10
\c@parentequation=\count96
\dspbrk@lvl=\count97
\tag@help=\toks17
\row@=\count98
\column@=\count99
\maxfields@=\count100
\andhelp@=\toks18
\eqnshift@=\dimen107
\alignsep@=\dimen108
\tagshift@=\dimen109
\tagwidth@=\dimen110
\totwidth@=\dimen111
\lineht@=\dimen112
\@envbody=\toks19
\multlinegap=\skip44
\multlinetaggap=\skip45
\mathdisplay@stack=\toks20
LaTeX Info: Redefining \[ on input line 2665.
LaTeX Info: Redefining \] on input line 2666.
)
("C:\Program Files\MiKTeX 2.9\tex\latex\graphics\graphicx.sty"
Package: graphicx 1999/02/16 v1.0f Enhanced LaTeX Graphics (DPC,SPQR)

("C:\Program Files\MiKTeX 2.9\tex\latex\graphics\keyval.sty"
Package: keyval 1999/03/16 v1.13 key=value parser (DPC)
\KV@toks@=\toks21
)
("C:\Program Files\MiKTeX 2.9\tex\latex\graphics\graphics.sty"
Package: graphics 2009/02/05 v1.0o Standard LaTeX Graphics (DPC,SPQR)

("C:\Program Files\MiKTeX 2.9\tex\latex\graphics\trig.sty"
Package: trig 1999/03/16 v1.09 sin cos tan (DPC)
)
("C:\Program Files\MiKTeX 2.9\tex\latex\00miktex\graphics.cfg"
File: graphics.cfg 2007/01/18 v1.5 graphics configuration of teTeX/TeXLive
)
Package graphics Info: Driver file: pdftex.def on input line 91.

("C:\Program Files\MiKTeX 2.9\tex\latex\pdftex-def\pdftex.def"
File: pdftex.def 2011/05/27 v0.06d Graphics/color for pdfTeX

("C:\Program Files\MiKTeX 2.9\tex\generic\oberdiek\infwarerr.sty"
Package: infwarerr 2010/04/08 v1.3 Providing info/warning/error messages (HO)
)
("C:\Program Files\MiKTeX 2.9\tex\generic\oberdiek\ltxcmds.sty"
Package: ltxcmds 2011/11/09 v1.22 LaTeX kernel commands for general use (HO)
)
\Gread@gobject=\count101
))
\Gin@req@height=\dimen113
\Gin@req@width=\dimen114
)
("C:\Program Files\MiKTeX 2.9\tex\latex\hyperref\hyperref.sty"
Package: hyperref 2012/11/06 v6.83m Hypertext links for LaTeX

("C:\Program Files\MiKTeX 2.9\tex\generic\oberdiek\hobsub-hyperref.sty"
Package: hobsub-hyperref 2012/04/25 v1.12 Bundle oberdiek, subset hyperref (HO)


("C:\Program Files\MiKTeX 2.9\tex\generic\oberdiek\hobsub-generic.sty"
Package: hobsub-generic 2012/04/25 v1.12 Bundle oberdiek, subset generic (HO)
Package: hobsub 2012/04/25 v1.12 Construct package bundles (HO)
Package hobsub Info: Skipping package `infwarerr' (already loaded).
Package hobsub Info: Skipping package `ltxcmds' (already loaded).
Package: ifluatex 2010/03/01 v1.3 Provides the ifluatex switch (HO)
Package ifluatex Info: LuaTeX not detected.
Package: ifvtex 2010/03/01 v1.5 Detect VTeX and its facilities (HO)
Package ifvtex Info: VTeX not detected.
Package: intcalc 2007/09/27 v1.1 Expandable calculations with integers (HO)
Package: ifpdf 2011/01/30 v2.3 Provides the ifpdf switch (HO)
Package ifpdf Info: pdfTeX in PDF mode is detected.
Package: etexcmds 2011/02/16 v1.5 Avoid name clashes with e-TeX commands (HO)
Package etexcmds Info: Could not find \expanded.
(etexcmds)             That can mean that you are not using pdfTeX 1.50 or
(etexcmds)             that some package has redefined \expanded.
(etexcmds)             In the latter case, load this package earlier.
Package: kvsetkeys 2012/04/25 v1.16 Key value parser (HO)
Package: kvdefinekeys 2011/04/07 v1.3 Define keys (HO)
Package: pdftexcmds 2011/11/29 v0.20 Utility functions of pdfTeX for LuaTeX (HO
)
Package pdftexcmds Info: LuaTeX not detected.
Package pdftexcmds Info: \pdf@primitive is available.
Package pdftexcmds Info: \pdf@ifprimitive is available.
Package pdftexcmds Info: \pdfdraftmode found.
Package: pdfescape 2011/11/25 v1.13 Implements pdfTeX's escape features (HO)
Package: bigintcalc 2012/04/08 v1.3 Expandable calculations on big integers (HO
)
Package: bitset 2011/01/30 v1.1 Handle bit-vector datatype (HO)
Package: uniquecounter 2011/01/30 v1.2 Provide unlimited unique counter (HO)
)
Package hobsub Info: Skipping package `hobsub' (already loaded).
Package: letltxmacro 2010/09/02 v1.4 Let assignment for LaTeX macros (HO)
Package: hopatch 2011/06/24 v1.1 Wrapper for package hooks (HO)
Package: xcolor-patch 2011/01/30 xcolor patch
Package: atveryend 2011/06/30 v1.8 Hooks at the very end of document (HO)
Package atveryend Info: \enddocument detected (standard20110627).
Package: atbegshi 2011/10/05 v1.16 At begin shipout hook (HO)
Package: refcount 2011/10/16 v3.4 Data extraction from label references (HO)
Package: hycolor 2011/01/30 v1.7 Color options for hyperref/bookmark (HO)
)
("C:\Program Files\MiKTeX 2.9\tex\generic\ifxetex\ifxetex.sty"
Package: ifxetex 2010/09/12 v0.6 Provides ifxetex conditional
)
("C:\Program Files\MiKTeX 2.9\tex\latex\oberdiek\auxhook.sty"
Package: auxhook 2011/03/04 v1.3 Hooks for auxiliary files (HO)
)
("C:\Program Files\MiKTeX 2.9\tex\latex\oberdiek\kvoptions.sty"
Package: kvoptions 2011/06/30 v3.11 Key value format for package options (HO)
)
\@linkdim=\dimen115
\Hy@linkcounter=\count102
\Hy@pagecounter=\count103

("C:\Program Files\MiKTeX 2.9\tex\latex\hyperref\pd1enc.def"
File: pd1enc.def 2012/11/06 v6.83m Hyperref: PDFDocEncoding definition (HO)
)
\Hy@SavedSpaceFactor=\count104

("C:\Program Files\MiKTeX 2.9\tex\latex\00miktex\hyperref.cfg"
File: hyperref.cfg 2002/06/06 v1.2 hyperref configuration of TeXLive
)
Package hyperref Info: Hyper figures OFF on input line 4443.
Package hyperref Info: Link nesting OFF on input line 4448.
Package hyperref Info: Hyper index ON on input line 4451.
Package hyperref Info: Plain pages OFF on input line 4458.
Package hyperref Info: Backreferencing OFF on input line 4463.
Package hyperref Info: Implicit mode ON; LaTeX internals redefined.
Package hyperref Info: Bookmarks ON on input line 4688.
\c@Hy@tempcnt=\count105

("C:\Program Files\MiKTeX 2.9\tex\latex\url\url.sty"
\Urlmuskip=\muskip11
Package: url 2013/09/16  ver 3.4  Verb mode for urls, etc.
)
LaTeX Info: Redefining \url on input line 5041.
\XeTeXLinkMargin=\dimen116
\Fld@menulength=\count106
\Field@Width=\dimen117
\Fld@charsize=\dimen118
Package hyperref Info: Hyper figures OFF on input line 6295.
Package hyperref Info: Link nesting OFF on input line 6300.
Package hyperref Info: Hyper index ON on input line 6303.
Package hyperref Info: backreferencing OFF on input line 6310.
Package hyperref Info: Link coloring OFF on input line 6315.
Package hyperref Info: Link coloring with OCG OFF on input line 6320.
Package hyperref Info: PDF/A mode OFF on input line 6325.
LaTeX Info: Redefining \ref on input line 6365.
LaTeX Info: Redefining \pageref on input line 6369.
\Hy@abspage=\count107
\c@Item=\count108
\c@Hfootnote=\count109
)

Package hyperref Message: Driver (autodetected): hpdftex.

("C:\Program Files\MiKTeX 2.9\tex\latex\hyperref\hpdftex.def"
File: hpdftex.def 2012/11/06 v6.83m Hyperref driver for pdfTeX
\Fld@listcount=\count110
\c@bookmark@seq@number=\count111

("C:\Program Files\MiKTeX 2.9\tex\latex\oberdiek\rerunfilecheck.sty"
Package: rerunfilecheck 2011/04/15 v1.7 Rerun checks for auxiliary files (HO)
Package uniquecounter Info: New unique counter `rerunfilecheck' on input line 2
82.
)
\Hy@SectionHShift=\skip46
)
(C:\Users\Henri\Documents\Projektit\Planet_Simulator\Documentation\Project_docu
ment.aux)
LaTeX Font Info:    Checking defaults for OML/cmm/m/it on input line 24.
LaTeX Font Info:    ... okay on input line 24.
LaTeX Font Info:    Checking defaults for T1/cmr/m/n on input line 24.
LaTeX Font Info:    ... okay on input line 24.
LaTeX Font Info:    Checking defaults for OT1/cmr/m/n on input line 24.
LaTeX Font Info:    ... okay on input line 24.
LaTeX Font Info:    Checking defaults for OMS/cmsy/m/n on input line 24.
LaTeX Font Info:    ... okay on input line 24.
LaTeX Font Info:    Checking defaults for OMX/cmex/m/n on input line 24.
LaTeX Font Info:    ... okay on input line 24.
LaTeX Font Info:    Checking defaults for U/cmr/m/n on input line 24.
LaTeX Font Info:    ... okay on input line 24.
LaTeX Font Info:    Checking defaults for PD1/pdf/m/n on input line 24.
LaTeX Font Info:    ... okay on input line 24.
 ("C:\Program Files\MiKTeX 2.9\tex\context\base\supp-pdf.mkii"
[Loading MPS to PDF converter (version 2006.09.02).]
\scratchcounter=\count112
\scratchdimen=\dimen119
\scratchbox=\box28
\nofMPsegments=\count113
\nofMParguments=\count114
\everyMPshowfont=\toks22
\MPscratchCnt=\count115
\MPscratchDim=\dimen120
\MPnumerator=\count116
\makeMPintoPDFobject=\count117
\everyMPtoPDFconversion=\toks23
)
\AtBeginShipoutBox=\box29
Package hyperref Info: Link coloring OFF on input line 24.
 ("C:\Program Files\MiKTeX 2.9\tex\latex\hyperref\nameref.sty"
Package: nameref 2012/10/27 v2.43 Cross-referencing by name of section

("C:\Program Files\MiKTeX 2.9\tex\generic\oberdiek\gettitlestring.sty"
Package: gettitlestring 2010/12/03 v1.4 Cleanup title references (HO)
)
\c@section@level=\count118
)
LaTeX Info: Redefining \ref on input line 24.
LaTeX Info: Redefining \pageref on input line 24.
LaTeX Info: Redefining \nameref on input line 24.

(C:\Users\Henri\Documents\Projektit\Planet_Simulator\Documentation\Project_docu
ment.out)
(C:\Users\Henri\Documents\Projektit\Planet_Simulator\Documentation\Project_docu
ment.out)
\@outlinefile=\write3
 <aaltologo.png, id=3, 452.69125pt x 75.28125pt>
File: aaltologo.png Graphic file (type png)
 <use aaltologo.png>
Package pdftex.def Info: aaltologo.png used on input line 29.
(pdftex.def)             Requested size: 226.34506pt x 37.64052pt.

[1

{C:/ProgramData/MiKTeX/2.9/pdftex/config/pdftex.map} <C:/Users/Henri/Documents/
Projektit/Planet_Simulator/Documentation/aaltologo.png>]
<simu1.png, id=12, 1426.57968pt x 784.43062pt>
File: simu1.png Graphic file (type png)
 <use simu1.png>
Package pdftex.def Info: simu1.png used on input line 71.
(pdftex.def)             Requested size: 285.31088pt x 156.88333pt.

Underfull \hbox (badness 10000) in paragraph at lines 68--74

 []


Underfull \hbox (badness 10000) in paragraph at lines 68--74
[]
 []

pdfTeX warning (ext4): destination with the same identifier (name{page.1}) has 
been already used, duplicate ignored
<to be read again> 
                   \relax 
l.76 
      [1 <C:/Users/Henri/Documents/Projektit/Planet_Simulator/Documentation/sim
u1.png>]
LaTeX Font Info:    Try loading font information for T1+cmtt on input line 79.
 ("C:\Program Files\MiKTeX 2.9\tex\latex\base\t1cmtt.fd"
File: t1cmtt.fd 1999/05/25 v2.5h Standard LaTeX font definitions
)
<simu2.png, id=22, 353.82187pt x 115.93312pt>
File: simu2.png Graphic file (type png)
 <use simu2.png>
Package pdftex.def Info: simu2.png used on input line 82.
(pdftex.def)             Requested size: 265.36574pt x 86.94962pt.

<simu3.png, id=23, 353.82187pt x 136.25906pt>
File: simu3.png Graphic file (type png)
 <use simu3.png>
Package pdftex.def Info: simu3.png used on input line 89.
(pdftex.def)             Requested size: 265.36574pt x 102.19403pt.

<simu5.png, id=24, 867.24pt x 517.18219pt>
File: simu5.png Graphic file (type png)
 <use simu5.png>
Package pdftex.def Info: simu5.png used on input line 92.
(pdftex.def)             Requested size: 173.44493pt x 103.4346pt.

Underfull \hbox (badness 10000) in paragraph at lines 87--94
[]
 []


Overfull \hbox (10.64218pt too wide) in paragraph at lines 87--94
\T1/cmr/m/n/12 Se-kä `Open' et-tä `Sa-ve as' va-lik-ko-näp-päi-miä käyt-täes-sä
 avau-tuu tiedostodialogi-
 []

[2 <C:/Users/Henri/Documents/Projektit/Planet_Simulator/Documentation/simu2.png
> <C:/Users/Henri/Documents/Projektit/Planet_Simulator/Documentation/simu3.png>
 <C:/Users/Henri/Documents/Projektit/Planet_Simulator/Documentation/simu5.png>]
<simu4.png, id=38, 208.52907pt x 48.18pt>
File: simu4.png Graphic file (type png)
 <use simu4.png>
Package pdftex.def Info: simu4.png used on input line 97.
(pdftex.def)             Requested size: 156.39641pt x 36.13489pt.
LaTeX Font Info:    Try loading font information for OMS+cmr on input line 105.


("C:\Program Files\MiKTeX 2.9\tex\latex\base\omscmr.fd"
File: omscmr.fd 1999/05/25 v2.5h Standard LaTeX font definitions
)
LaTeX Font Info:    Font shape `OMS/cmr/m/n' in size <12> not available
(Font)              Font shape `OMS/cmsy/m/n' tried instead on input line 105.

<simu6.png, id=39, 1157.07281pt x 697.10437pt>
File: simu6.png Graphic file (type png)
 <use simu6.png>
Package pdftex.def Info: simu6.png used on input line 108.
(pdftex.def)             Requested size: 347.12453pt x 209.13292pt.
 [3 <C:/Users/Henri/Documents/Projektit/Planet_Simulator/Documentation/simu4.pn
g> <C:/Users/Henri/Documents/Projektit/Planet_Simulator/Documentation/simu6.png
>]
<simu9.png, id=49, 885.3075pt x 693.34032pt>
File: simu9.png Graphic file (type png)
 <use simu9.png>
Package pdftex.def Info: simu9.png used on input line 118.
(pdftex.def)             Requested size: 265.5943pt x 208.0037pt.

<simu12.png, id=50, 858.20625pt x 682.04813pt>
File: simu12.png Graphic file (type png)
 <use simu12.png>
Package pdftex.def Info: simu12.png used on input line 120.
(pdftex.def)             Requested size: 257.46387pt x 204.61601pt.
 [4 <C:/Users/Henri/Documents/Projektit/Planet_Simulator/Documentation/simu9.pn
g> <C:/Users/Henri/Documents/Projektit/Planet_Simulator/Documentation/simu12.pn
g>]
<simu10.png, id=58, 542.77782pt x 263.48438pt>
File: simu10.png Graphic file (type png)
 <use simu10.png>
Package pdftex.def Info: simu10.png used on input line 126.
(pdftex.def)             Requested size: 271.38824pt x 131.74185pt.

<simu7.png, id=59, 338.76563pt x 123.46124pt>
File: simu7.png Graphic file (type png)
 <use simu7.png>
Package pdftex.def Info: simu7.png used on input line 131.
(pdftex.def)             Requested size: 169.38239pt x 61.73045pt.

<simu8.png, id=60, 414.04688pt x 188.20313pt>
File: simu8.png Graphic file (type png)
 <use simu8.png>
Package pdftex.def Info: simu8.png used on input line 136.
(pdftex.def)             Requested size: 207.02292pt x 94.10132pt.
 [5 <C:/Users/Henri/Documents/Projektit/Planet_Simulator/Documentation/simu10.p
ng> <C:/Users/Henri/Documents/Projektit/Planet_Simulator/Documentation/simu7.pn
g> <C:/Users/Henri/Documents/Projektit/Planet_Simulator/Documentation/simu8.png
>]
Underfull \hbox (badness 10000) in paragraph at lines 141--142

 []

[6]
Overfull \hbox (23.624pt too wide) in paragraph at lines 210--210
[]            \T1/cmtt/m/n/12 str(element.position.x)+","+str(element.position.
y)+","[] 
 []


Overfull \hbox (23.624pt too wide) in paragraph at lines 210--210
[]            \T1/cmtt/m/n/12 str(element.velocity.x)+","+str(element.velocity.
y)+","[] 
 []


Overfull \hbox (23.624pt too wide) in paragraph at lines 210--210
[]            \T1/cmtt/m/n/12 + str(element.velocity.y)+" "+str(element.mass) +
 " " +[] 
 []

[7] <simu11.png, id=85, 604.50844pt x 538.26094pt>
File: simu11.png Graphic file (type png)
 <use simu11.png>
Package pdftex.def Info: simu11.png used on input line 214.
(pdftex.def)             Requested size: 241.79909pt x 215.30055pt.
 [8 <C:/Users/Henri/Documents/Projektit/Planet_Simulator/Documentation/simu11.p
ng>]
[9]
Package atveryend Info: Empty hook `BeforeClearDocument' on input line 244.
 [10]
Package atveryend Info: Empty hook `AfterLastShipout' on input line 244.

(C:\Users\Henri\Documents\Projektit\Planet_Simulator\Documentation\Project_docu
ment.aux)
Package atveryend Info: Executing hook `AtVeryEndDocument' on input line 244.
Package atveryend Info: Executing hook `AtEndAfterFileList' on input line 244.
Package rerunfilecheck Info: File `Project_document.out' has not changed.
(rerunfilecheck)             Checksum: D41D8CD98F00B204E9800998ECF8427E;0.
Package atveryend Info: Empty hook `AtVeryVeryEnd' on input line 244.
 ) 
Here is how much of TeX's memory you used:
 6208 strings out of 493921
 88513 string characters out of 3147281
 175216 words of memory out of 3000000
 9404 multiletter control sequences out of 15000+200000
 12668 words of font info for 34 fonts, out of 3000000 for 9000
 841 hyphenation exceptions out of 8191
 29i,5n,28p,984b,418s stack positions out of 5000i,500n,10000p,200000b,50000s
 <C:\Users\Henri\AppData\Local\MiKTeX\2.9\fonts\pk\ljfour\jknappen\ec\dpi600\
ecti1200.pk> <C:\Users\Henri\AppData\Local\MiKTeX\2.9\fonts\pk\ljfour\jknappen\
ec\dpi600\ectt1200.pk> <C:\Users\Henri\AppData\Local\MiKTeX\2.9\fonts\pk\ljfour
\jknappen\ec\dpi600\ecrm1200.pk> <C:\Users\Henri\AppData\Local\MiKTeX\2.9\fonts
\pk\ljfour\jknappen\ec\dpi600\ecbx1728.pk> <C:\Users\Henri\AppData\Local\MiKTeX
\2.9\fonts\pk\ljfour\jknappen\ec\dpi600\ecrm1095.pk> <C:\Users\Henri\AppData\Lo
cal\MiKTeX\2.9\fonts\pk\ljfour\jknappen\ec\dpi600\ecbx1440.pk><C:/Program Files
/MiKTeX 2.9/fonts/type1/public/amsfonts/cm/cmmi12.pfb><C:/Program Files/MiKTeX 
2.9/fonts/type1/public/amsfonts/cm/cmr12.pfb><C:/Program Files/MiKTeX 2.9/fonts
/type1/public/amsfonts/cm/cmr8.pfb><C:/Program Files/MiKTeX 2.9/fonts/type1/pub
lic/amsfonts/cm/cmsy10.pfb>
Output written on Project_document.pdf (11 pages, 472322 bytes).
PDF statistics:
 380 PDF objects out of 1000 (max. 8388607)
 28 named destinations out of 1000 (max. 500000)
 66 words of extra memory for PDF output out of 10000 (max. 10000000)

